1659683747973	geckodriver	INFO	Listening on 127.0.0.1:58601
1659683751022	mozrunner::runner	INFO	Running command: "C:\\Program Files\\Mozilla Firefox\\firefox.exe" "--marionette" "--remote-debugging-port" "58602" "--remote-allow-hosts" "localhost" "-no-remote" "-profile" "C:\\Users\\takvietk\\AppData\\Local\\Temp\\rust_mozprofileeVriss"
1659683751838	Marionette	INFO	Marionette enabled
1659683751850	Marionette	INFO	Listening on port 58617
WebDriver BiDi listening on ws://localhost:58602
Read port: 58617
1659683752058	RemoteAgent	WARN	TLS certificate errors will be ignored for this session
console.warn: SearchSettings: "get: No settings file exists, new profile?" (new NotFoundError("Could not open the file at C:\\Users\\takvietk\\AppData\\Local\\Temp\\rust_mozprofileeVriss\\search.json.mozlz4", (void 0)))
DevTools listening on ws://localhost:58602/devtools/browser/df610be2-0471-4358-8d62-0faa489ef138
1659683757877	Marionette	WARN	Ignoring event 'pageshow' because document has an invalid readyState of 'uninitialized'.
console.warn: LoginRecipes: "getRecipes: falling back to a synchronous message for:" "http://www.degalukainos.lt"
1659683759356	Marionette	WARN	Ignoring event 'pageshow' because document has an invalid readyState of 'uninitialized'.
JavaScript warning: https://pagead2.googlesyndication.com/bg/UkaWbFdOBngpypKF1XmH91LOVqbH0hMQiz9LuN6ufos.js line 2 > eval line 7664 > eval line 1 > eval line 1 > eval, line 1: WEBGL_debug_renderer_info is deprecated in Firefox and will be removed. Please use RENDERER.
console.warn: LoginRecipes: "getRecipes: falling back to a synchronous message for:" "https://accounts.google.com"
console.warn: LoginRecipes: "getRecipes: falling back to a synchronous message for:" "https://accounts.google.com"
console.warn: LoginRecipes: "getRecipes: falling back to a synchronous message for:" "https://accounts.google.com"
JavaScript warning: https://accounts.google.com/ServiceLogin?service=mail&passive=1209600&osid=1&continue=https%3A%2F%2Fmail.google.com%2Fmail%2Fu%2F0%2F&followup=https%3A%2F%2Fmail.google.com%2Fmail%2Fu%2F0%2F&emr=1&flowName=GlifWebSignIn&flowEntry=ServiceLogin line 2 > eval line 5586 > eval line 1 > eval line 1 > eval, line 1: WEBGL_debug_renderer_info is deprecated in Firefox and will be removed. Please use RENDERER.
console.warn: LoginRecipes: "getRecipes: falling back to a synchronous message for:" "https://accounts.google.com"
console.warn: LoginRecipes: "getRecipes: falling back to a synchronous message for:" "https://accounts.google.com"
console.warn: LoginRecipes: "getRecipes: falling back to a synchronous message for:" "https://accounts.google.com"
JavaScript error: resource://gre/modules/LoginManagerParent.jsm, line 136: TypeError: gRecipeManager is null
JavaScript warning: https://accounts.google.com/ServiceLogin?service=mail&passive=1209600&osid=1&continue=https%3A%2F%2Fmail.google.com%2Fmail%2Fu%2F0%2F&followup=https%3A%2F%2Fmail.google.com%2Fmail%2Fu%2F0%2F&emr=1&flowName=GlifWebSignIn&flowEntry=ServiceLogin line 2 > eval line 5928 > eval line 1 > eval line 1 > eval, line 1: WEBGL_debug_renderer_info is deprecated in Firefox and will be removed. Please use RENDERER.
console.warn: LoginRecipes: "getRecipes: falling back to a synchronous message for:" "https://accounts.google.com"
JavaScript error: resource://gre/modules/LoginManagerParent.jsm, line 136: TypeError: gRecipeManager is null
console.warn: LoginRecipes: "getRecipes: falling back to a synchronous message for:" "https://mail.google.com"
JavaScript error: resource://gre/modules/LoginManagerParent.jsm, line 136: TypeError: gRecipeManager is null
JavaScript warning: https://www.google.com/js/bg/zRsni2KaYpGlbzf8qPigYhDu91QLoFuK7JLW1IaqgGI.js line 2 > eval line 5114 > eval line 1 > eval line 1 > eval, line 1: WEBGL_debug_renderer_info is deprecated in Firefox and will be removed. Please use RENDERER.
JavaScript error: https://mail.google.com/_/scs/mail-static/_/js/k=gmail.main.lt.yFCCVudCvBo.es5.O/am=4DI3-L-EHwEw2JH57cDPHAaFJwAC6E8GgAAQMGKymtb3Jkqy40cCABCAPivGGAMA1jwDHQcBTAa4AAAAAAAAAAAAAAAAAAAAgN2C5Ic/d=1/im=1/dg=0/br=1/wt=1/rs=AHGWq9BbjX1iNxHxmFA77K-x-vdaRpIH7g/cb=loaded_0/m=b, line 966: uncaught exception: CustomError: Error in protected function: Node.compareDocumentPosition: Argument 1 does not implement interface Node.
1659683810153	Marionette	INFO	Stopped listening on port 58617
console.warn: TopSitesFeed: Failed to fetch data from Contile server: NetworkError when attempting to fetch resource.
!!! error running onStopped callback: TypeError: callback is not a function
